make all --print-data-base --no-builtin-variables --no-builtin-rules --question
# GNU Make 3.81
# Copyright (C) 2006  Free Software Foundation, Inc.
# This is free software; see the source for copying conditions.
# There is NO warranty; not even for MERCHANTABILITY or FITNESS FOR A
# PARTICULAR PURPOSE.

# This program built for i386-apple-darwin11.3.0
 

# Make data base, printed on Mon Aug  8 14:06:55 2022

# Variables

# automatic
<D = $(patsubst %/,%,$(dir $<))
# environment
RUBY_VERSION = ruby-3.0.0
# automatic
?F = $(notdir $?)
# environment
ELECTRON_NO_ATTACH_CONSOLE = 1
# makefile (from `Makefile', line 164)
CONTROLLER_TOOLS_VERSION = v0.9.0
# environment
NVM_INC = /Users/bbrietzke/.nvm/versions/node/v16.13.0/include/node
# automatic
?D = $(patsubst %/,%,$(dir $?))
# environment
rvm_path = /Users/bbrietzke/.rvm
# automatic
@D = $(patsubst %/,%,$(dir $@))
# automatic
@F = $(notdir $@)
# makefile
CURDIR := /Users/bbrietzke/Development/IndigoArtificial
# makefile (from `Makefile', line 64)
SHELL = /usr/bin/env bash -o pipefail
# environment
VSCODE_NLS_CONFIG = {"locale":"en-us","availableLanguages":{},"_languagePackSupport":true}
# environment
_ = /usr/bin/make
# environment
VSCODE_PID = 7293
# makefile (from `Makefile', line 153)
LOCALBIN = $(shell pwd)/bin
# makefile (from `Makefile', line 1)
MAKEFILE_LIST :=  Makefile
# makefile (from `Makefile', line 198)
OPM = ./bin/opm
# environment
VSCODE_AMD_ENTRYPOINT = vs/workbench/api/node/extensionHostProcess
# environment
rvm_ruby_mode = 
# environment
rvm_ruby_make = 
# makefile (from `Makefile', line 6)
VERSION = 0.0.1
# environment
__CFBundleIdentifier = com.microsoft.VSCode
# environment
INFOPATH = /opt/homebrew/share/info:
# environment
VSCODE_CWD = /Users/bbrietzke/Development/IndigoArtificial
# environment
GOPROXY = https://proxy.golang.org,direct
# environment
rvm_pretty_print_flag = 
# environment
PATH = /Users/bbrietzke/.rvm/gems/ruby-3.0.0/bin:/Users/bbrietzke/.rvm/gems/ruby-3.0.0@global/bin:/Users/bbrietzke/.rvm/rubies/ruby-3.0.0/bin:/Users/bbrietzke/.nvm/versions/node/v16.13.0/bin:/Applications/Julia-1.6.app/Contents/Resources/julia/bin:/Users/bbrietzke/.rbenv/shims:/Users/bbrietzke/.pyenv/shims:/Users/bbrietzke/.pyenv/bin:/opt/homebrew/bin:/opt/homebrew/sbin:/usr/local/bin:/usr/bin:/bin:/usr/sbin:/sbin:/usr/local/share/dotnet:~/.dotnet/tools:/Users/bbrietzke/.rvm/bin:/Users/bbrietzke/go/bin
# makefile (from `Makefile', line 166)
KUSTOMIZE_INSTALL_SCRIPT = "https://raw.githubusercontent.com/kubernetes-sigs/kustomize/master/hack/install_kustomize.sh"
# environment
rvm_niceness = 
# environment
GOPATH = /Users/bbrietzke/go
# environment
NVM_BIN = /Users/bbrietzke/.nvm/versions/node/v16.13.0/bin
# environment
rvm_only_path_flag = 
# environment
LaunchInstanceID = D7254DA5-A914-4E00-A4CF-34E2F616DBF1
# environment
rvm_gemstone_package_file = 
# environment
ELECTRON_RUN_AS_NODE = 1
# environment
PYENV_ROOT = /Users/bbrietzke/.pyenv
# environment
rvm_alias_expanded = 
# default
.FEATURES := target-specific order-only second-expansion else-if archives jobserver check-symlink
# environment
CONTAINER_PORT = 80
# makefile (from `Makefile', line 159)
CONTROLLER_GEN = $(LOCALBIN)/controller-gen
# environment
SSH_AUTH_SOCK = /private/tmp/com.apple.launchd.mRezHDqXPc/Listeners
# makefile (from `Makefile', line 219)
CATALOG_IMG = $(IMAGE_TAG_BASE)-catalog:v$(VERSION)
# automatic
%F = $(notdir $%)
# makefile (from `Makefile', line 56)
GOBIN = $(shell go env GOPATH)/bin
# makefile (from `Makefile', line 216)
BUNDLE_IMGS = $(BUNDLE_IMG)
# environment
rvm_bin_path = /Users/bbrietzke/.rvm/bin
# environment
PWD = /Users/bbrietzke/Development/IndigoArtificial
# environment
HOMEBREW_CELLAR = /opt/homebrew/Cellar
# environment
GEM_HOME = /Users/bbrietzke/.rvm/gems/ruby-3.0.0
# environment
rvm_docs_type = 
# environment
rvm_script_name = 
# environment
ORIGINAL_XDG_CURRENT_DESKTOP = undefined
# environment
MANPATH = /Users/bbrietzke/.nvm/versions/node/v16.13.0/share/man:/opt/homebrew/share/man::
# environment
GOMODCACHE = /Users/bbrietzke/go/pkg/mod
# environment
PYENV_SHELL = zsh
# environment
HOME = /Users/bbrietzke
# default
MAKEFILEPATH := /Applications/Xcode.app/Contents/Developer/Makefiles
# environment
VSCODE_CLI = 1
# environment
VSCODE_CODE_CACHE_PATH = /Users/bbrietzke/Library/Application Support/Code/CachedData/3b889b090b5ad5793f524b5d1d39fda662b96a2a
# environment
LOGNAME = bbrietzke
# environment
APPLICATION_INSIGHTS_NO_DIAGNOSTIC_CHANNEL = true
# environment
NVM_CD_FLAGS = -q
# environment
rvm_proxy = 
# environment
VSCODE_HANDLES_UNCAUGHT_ERRORS = true
# automatic
^D = $(patsubst %/,%,$(dir $^))
# environment
rvm_ruby_bits = 
# environment
GEM_PATH = /Users/bbrietzke/.rvm/gems/ruby-3.0.0:/Users/bbrietzke/.rvm/gems/ruby-3.0.0@global
# environment
XPC_FLAGS = 0x0
# environment
COLORTERM = truecolor
# environment
rvm_ruby_make_install = 
# default
MAKE = $(MAKE_COMMAND)
# environment
LC_TERMINAL = iTerm2
# environment
IRBRC = /Users/bbrietzke/.rvm/rubies/ruby-3.0.0/.irbrc
# environment
SHLVL = 3
# environment
rvm_quiet_flag = 
# makefile (from `Makefile', line 39)
BUNDLE_GEN_FLAGS = -q --overwrite --version $(VERSION) $(BUNDLE_METADATA_OPTS)
# default
MAKE_VERSION := 3.81
# environment
USER = bbrietzke
# environment
CR_PAT = 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
# makefile
.DEFAULT_GOAL := all
# default
MAKECMDGOALS := all
# environment
TERM_SESSION_ID = w0t1p0:942BB002-560B-40D3-BBE3-365C552EE6DC
# environment
rvm_version = 1.29.12 (latest)
# automatic
%D = $(patsubst %/,%,$(dir $%))
# makefile (from `Makefile', line 44)
USE_IMAGE_DIGESTS = false
# default
MAKE_COMMAND := /Applications/Xcode.app/Contents/Developer/usr/bin/make
# makefile (from `Makefile', line 158)
KUSTOMIZE = $(LOCALBIN)/kustomize
# environment
TERM_PROGRAM = iTerm.app
# default
.VARIABLES := 
# environment
TMPDIR = /var/folders/rh/hny9t66915bgs49vxwts3tq00000gn/T/
# automatic
*F = $(notdir $*)
# makefile (from `Makefile', line 50)
IMG = controller:latest
# makefile (from `Makefile', line 25)
BUNDLE_METADATA_OPTS = $(BUNDLE_CHANNELS) $(BUNDLE_DEFAULT_CHANNEL)
# environment
VSCODE_IPC_HOOK = /Users/bbrietzke/Library/Application Support/Code/1.69.2-main.sock
# environment
MallocNanoZone = 0
# makefile (from `Makefile', line 163)
KUSTOMIZE_VERSION = v3.8.7
# makefile
MAKEFLAGS = Rrqp
# environment
MFLAGS = -Rrqp
# automatic
*D = $(patsubst %/,%,$(dir $*))
# environment
TERM_PROGRAM_VERSION = 3.4.16
# environment
NVM_DIR = /Users/bbrietzke/.nvm
# makefile (from `Makefile', line 65)
.SHELLFLAGS = -ec
# environment
XPC_SERVICE_NAME = application.com.microsoft.VSCode.30817797.30817803.F7493480-5E6A-4462-9745-08C0CD0B77F2
# environment
LC_TERMINAL_VERSION = 3.4.16
# environment
HOMEBREW_PREFIX = /opt/homebrew
# automatic
+D = $(patsubst %/,%,$(dir $+))
# automatic
+F = $(notdir $+)
# makefile (from `Makefile', line 160)
ENVTEST = $(LOCALBIN)/setup-envtest
# environment
ITERM_SESSION_ID = w0t1p0:942BB002-560B-40D3-BBE3-365C552EE6DC
# environment
rvm_sdk = 
# environment
HOMEBREW_REPOSITORY = /opt/homebrew
# environment
COLORFGBG = 7;0
# environment
__CF_USER_TEXT_ENCODING = 0x1F5:0x0:0x0
# environment
COMMAND_MODE = unix2003
# default
MAKEFILES := 
# environment
RBENV_SHELL = zsh
# automatic
<F = $(notdir $<)
# environment
ITERM_PROFILE = Default
# environment
rvm_silent_flag = 
# environment
rvm_gemstone_url = 
# makefile (from `Makefile', line 36)
BUNDLE_IMG = $(IMAGE_TAG_BASE)-bundle:v$(VERSION)
# environment
LC_ALL = C
# environment
POD_NAME = helm-repository-1659464971-69bb4fcf84-zpmn7
# environment
rvm_bin_flag = 
# environment
SECURITYSESSIONID = 186a5
# automatic
^F = $(notdir $^)
# environment
rvm_prefix = /Users/bbrietzke
# default
SUFFIXES := 
# environment
rvm_ruby_file = 
# makefile (from `Makefile', line 32)
IMAGE_TAG_BASE = faultycloud.io/indigoartificial
# environment
MAKELEVEL := 0
# makefile (from `Makefile', line 130)
ignore-not-found = false
# environment
LANG = C
# environment
TERM = xterm-256color
# environment
rvm_use_flag = 
# makefile (from `Makefile', line 52)
ENVTEST_K8S_VERSION = 1.24.1
# environment
rvm_hook = 
# environment
MY_RUBY_HOME = /Users/bbrietzke/.rvm/rubies/ruby-3.0.0
# environment
rvm_nightly_flag = 
# variable set hash-table stats:
# Load=140/1024=14%, Rehash=0, Collisions=18/231=8%

# Pattern-specific Variable Values

# No pattern-specific variable values.

# Directories

# ./bin: could not be stat'd.
# . (device 16777234, inode 32269404): 16 files, no impossibilities.

# 16 files, no impossibilities in 2 directories.

 
# Implicit Rules

# No implicit rules.

# Files

envtest: /Users/bbrietzke/Development/IndigoArtificial/bin/setup-envtest
#  Phony target (prerequisite of .PHONY).
#  Implicit rule search has not been done.
#  File does not exist.
#  File has not been updated.

all: build
#  Phony target (prerequisite of .PHONY).
#  Command-line target.
#  Implicit rule search has not been done.
#  File does not exist.
#  File has been updated.
#  Needs to be updated (-q is set).
# variable set hash-table stats:
# Load=0/32=0%, Rehash=0, Collisions=0/5=0%

catalog-push:
#  Phony target (prerequisite of .PHONY).
#  Implicit rule search has not been done.
#  File does not exist.
#  File has not been updated.
#  commands to execute (from `Makefile', line 236):
	$(MAKE) docker-push IMG=$(CATALOG_IMG)
	

docker-build: test
#  Phony target (prerequisite of .PHONY).
#  Implicit rule search has not been done.
#  File does not exist.
#  File has not been updated.
#  commands to execute (from `Makefile', line 121):
	docker build -t ${IMG} .
	

.PHONY: all help manifests generate fmt vet test build run docker-build docker-push install uninstall deploy undeploy kustomize controller-gen envtest bundle bundle-build bundle-push opm catalog-build catalog-push
#  Implicit rule search has not been done.
#  Modification time never checked.
#  File has not been updated.

opm:
#  Phony target (prerequisite of .PHONY).
#  Implicit rule search has not been done.
#  File does not exist.
#  File has not been updated.
#  commands to execute (from `Makefile', line 202):
	@{ \
	set -e ;\
	mkdir -p $(dir $(OPM)) ;\
	OS=$(shell go env GOOS) && ARCH=$(shell go env GOARCH) && \
	curl -sSLo $(OPM) https://github.com/operator-framework/operator-registry/releases/download/v1.23.0/$${OS}-$${ARCH}-opm ;\
	chmod +x $(OPM) ;\
	}
	

/Users/bbrietzke/Development/IndigoArtificial/bin:
#  Implicit rule search has not been done.
#  Implicit/static pattern stem: `'
#  File does not exist.
#  File has been updated.
#  Needs to be updated (-q is set).
# automatic
# @ := /Users/bbrietzke/Development/IndigoArtificial/bin
# automatic
# % := 
# automatic
# * := 
# automatic
# + := 
# automatic
# | := 
# automatic
# < := 
# automatic
# ^ := 
# automatic
# ? := 
# variable set hash-table stats:
# Load=8/32=25%, Rehash=0, Collisions=2/13=15%
#  commands to execute (from `Makefile', line 155):
	mkdir -p $(LOCALBIN)
	

bundle: manifests kustomize
#  Phony target (prerequisite of .PHONY).
#  Implicit rule search has not been done.
#  File does not exist.
#  File has not been updated.
#  commands to execute (from `Makefile', line 184):
	operator-sdk generate kustomize manifests -q
	cd config/manager && $(KUSTOMIZE) edit set image controller=$(IMG)
	$(KUSTOMIZE) build config/manifests | operator-sdk generate bundle $(BUNDLE_GEN_FLAGS)
	operator-sdk bundle validate ./bundle
	

# Not a target:
.SUFFIXES:
#  Implicit rule search has not been done.
#  Modification time never checked.
#  File has not been updated.

uninstall: manifests kustomize
#  Phony target (prerequisite of .PHONY).
#  Implicit rule search has not been done.
#  File does not exist.
#  File has not been updated.
#  commands to execute (from `Makefile', line 139):
	$(KUSTOMIZE) build config/crd | kubectl delete --ignore-not-found=$(ignore-not-found) -f -
	

# Not a target:
Makefile:
#  Implicit rule search has been done.
#  Last modified 2022-08-08 14:04:23
#  File has been updated.
#  Successfully updated.
# variable set hash-table stats:
# Load=0/32=0%, Rehash=0, Collisions=0/0=0%

test: manifests generate fmt vet envtest
#  Phony target (prerequisite of .PHONY).
#  Implicit rule search has not been done.
#  File does not exist.
#  File has not been updated.
#  commands to execute (from `Makefile', line 107):
	KUBEBUILDER_ASSETS="$(shell $(ENVTEST) use $(ENVTEST_K8S_VERSION) -p path)" go test ./... -coverprofile cover.out
	

bundle-push:
#  Phony target (prerequisite of .PHONY).
#  Implicit rule search has not been done.
#  File does not exist.
#  File has not been updated.
#  commands to execute (from `Makefile', line 195):
	$(MAKE) docker-push IMG=$(BUNDLE_IMG)
	

catalog-build: opm
#  Phony target (prerequisite of .PHONY).
#  Implicit rule search has not been done.
#  File does not exist.
#  File has not been updated.
#  commands to execute (from `Makefile', line 231):
	$(OPM) index add --container-tool docker --mode semver --tag $(CATALOG_IMG) --bundles $(BUNDLE_IMGS) $(FROM_INDEX_OPT)
	

build: generate fmt vet
#  Phony target (prerequisite of .PHONY).
#  Implicit rule search has not been done.
#  File does not exist.
#  File has been updated.
#  Needs to be updated (-q is set).
# variable set hash-table stats:
# Load=0/32=0%, Rehash=0, Collisions=0/5=0%
#  commands to execute (from `Makefile', line 113):
	go build -o bin/manager main.go
	

vet:
#  Phony target (prerequisite of .PHONY).
#  Implicit rule search has not been done.
#  File does not exist.
#  File has not been updated.
#  commands to execute (from `Makefile', line 103):
	go vet ./...
	

/Users/bbrietzke/Development/IndigoArtificial/bin/controller-gen: /Users/bbrietzke/Development/IndigoArtificial/bin
#  Implicit rule search has not been done.
#  File does not exist.
#  File has been updated.
#  Needs to be updated (-q is set).
# variable set hash-table stats:
# Load=0/32=0%, Rehash=0, Collisions=0/5=0%
#  commands to execute (from `Makefile', line 175):
	GOBIN=$(LOCALBIN) go install sigs.k8s.io/controller-tools/cmd/controller-gen@$(CONTROLLER_TOOLS_VERSION)
	

help:
#  Phony target (prerequisite of .PHONY).
#  Implicit rule search has not been done.
#  File does not exist.
#  File has not been updated.
#  commands to execute (from `Makefile', line 85):
	@awk 'BEGIN {FS = ":.*##"; printf "\nUsage:\n  make \033[36m<target>\033[0m\n"} /^[a-zA-Z_0-9-]+:.*?##/ { printf "  \033[36m%-15s\033[0m %s\n", $$1, $$2 } /^##@/ { printf "\n\033[1m%s\033[0m\n", substr($$0, 5) } ' $(MAKEFILE_LIST)
	

kustomize: /Users/bbrietzke/Development/IndigoArtificial/bin/kustomize
#  Phony target (prerequisite of .PHONY).
#  Implicit rule search has not been done.
#  File does not exist.
#  File has not been updated.

generate: controller-gen
#  Phony target (prerequisite of .PHONY).
#  Implicit rule search has not been done.
#  File does not exist.
#  File has been updated.
#  Needs to be updated (-q is set).
# variable set hash-table stats:
# Load=0/32=0%, Rehash=0, Collisions=0/5=0%
#  commands to execute (from `Makefile', line 95):
	$(CONTROLLER_GEN) object:headerFile="hack/boilerplate.go.txt" paths="./..."
	

undeploy:
#  Phony target (prerequisite of .PHONY).
#  Implicit rule search has not been done.
#  File does not exist.
#  File has not been updated.
#  commands to execute (from `Makefile', line 148):
	$(KUSTOMIZE) build config/default | kubectl delete --ignore-not-found=$(ignore-not-found) -f -
	

manifests: controller-gen
#  Phony target (prerequisite of .PHONY).
#  Implicit rule search has not been done.
#  File does not exist.
#  File has not been updated.
#  commands to execute (from `Makefile', line 91):
	$(CONTROLLER_GEN) rbac:roleName=manager-role crd webhook paths="./..." output:crd:artifacts:config=config/crd/bases
	

/Users/bbrietzke/Development/IndigoArtificial/bin/kustomize: /Users/bbrietzke/Development/IndigoArtificial/bin
#  Implicit rule search has not been done.
#  Modification time never checked.
#  File has not been updated.
#  commands to execute (from `Makefile', line 170):
	curl -s $(KUSTOMIZE_INSTALL_SCRIPT) | bash -s -- $(subst v,,$(KUSTOMIZE_VERSION)) $(LOCALBIN)
	

# Not a target:
.DEFAULT:
#  Implicit rule search has not been done.
#  Modification time never checked.
#  File has not been updated.

run: manifests generate fmt vet
#  Phony target (prerequisite of .PHONY).
#  Implicit rule search has not been done.
#  File does not exist.
#  File has not been updated.
#  commands to execute (from `Makefile', line 117):
	go run ./main.go
	

bundle-build:
#  Phony target (prerequisite of .PHONY).
#  Implicit rule search has not been done.
#  File does not exist.
#  File has not been updated.
#  commands to execute (from `Makefile', line 191):
 
	docker build -f bundle.Dockerfile -t $(BUNDLE_IMG) .
	

fmt:
#  Phony target (prerequisite of .PHONY).
#  Implicit rule search has not been done.
#  File does not exist.
#  File has not been updated.
#  commands to execute (from `Makefile', line 99):
	go fmt ./...
	

deploy: manifests kustomize
#  Phony target (prerequisite of .PHONY).
#  Implicit rule search has not been done.
#  File does not exist.
#  File has not been updated.
#  commands to execute (from `Makefile', line 143):
	cd config/manager && $(KUSTOMIZE) edit set image controller=${IMG}
	$(KUSTOMIZE) build config/default | kubectl apply -f -
	

/Users/bbrietzke/Development/IndigoArtificial/bin/setup-envtest: /Users/bbrietzke/Development/IndigoArtificial/bin
#  Implicit rule search has not been done.
#  Modification time never checked.
#  File has not been updated.
#  commands to execute (from `Makefile', line 180):
	GOBIN=$(LOCALBIN) go install sigs.k8s.io/controller-runtime/tools/setup-envtest@latest
	

controller-gen: /Users/bbrietzke/Development/IndigoArtificial/bin/controller-gen
#  Phony target (prerequisite of .PHONY).
#  Implicit rule search has not been done.
#  File does not exist.
#  File has been updated.
#  Needs to be updated (-q is set).
# variable set hash-table stats:
# Load=0/32=0%, Rehash=0, Collisions=0/5=0%

docker-push:
#  Phony target (prerequisite of .PHONY).
#  Implicit rule search has not been done.
#  File does not exist.
#  File has not been updated.
#  commands to execute (from `Makefile', line 125):
	docker push ${IMG}
	

install: manifests kustomize
#  Phony target (prerequisite of .PHONY).
#  Implicit rule search has not been done.
#  File does not exist.
#  File has not been updated.
#  commands to execute (from `Makefile', line 135):
	$(KUSTOMIZE) build config/crd | kubectl apply -f -
	

# files hash-table stats:
# Load=32/1024=3%, Rehash=0, Collisions=4/124=3%
# VPATH Search Paths

# No `vpath' search paths.

# No general (`VPATH' variable) search path.

# # of strings in strcache: 1
# # of strcache buffers: 1
# strcache size: total = 4096 / max = 4096 / min = 4096 / avg = 4096
# strcache free: total = 4087 / max = 4087 / min = 4087 / avg = 4087

# Finished Make data base on Mon Aug  8 14:06:55 2022

 
